# JRE version: OpenJDK Runtime Environment (21.0.2+13) (build 21.0.2+13-58)
# Java VM: OpenJDK 64-Bit Server VM (21.0.2+13-58, mixed mode, sharing, tiered, compressed oops, compressed class ptrs, g1 gc, windows-amd64)
GC Precious Log:
 CardTable entry size: 512
 Card Set container configuration: InlinePtr #cards 4 size 8 Array Of Cards #cards 32 size 80 Howl #buckets 8 coarsen threshold 7372 Howl Bitmap #cards 1024 size 144 coarsen threshold 921 Card regions per heap region 1 cards per card region 8192
 CPUs: 20 total, 20 available
 Memory: 32598M
 Large Page Support: Disabled
 NUMA Support: Disabled
 Compressed Oops: Enabled (Zero based)
 Heap Region Size: 4M
 Heap Min Capacity: 8M
 Heap Initial Capacity: 512M
 Heap Max Capacity: 8152M
 Pre-touch: Disabled
 Parallel Workers: 15
 Concurrent Workers: 4
 Concurrent Refinement Workers: 15
 Periodic GC: Disabled
Heap:
 garbage-first heap   total 106496K, used 49102K [0x0000000602800000, 0x0000000800000000)
  region size 4096K, 3 young (12288K), 2 survivors (8192K)
 Metaspace       used 89544K, committed 90816K, reserved 1179648K
  class space    used 13013K, committed 13568K, reserved 1048576K
GC Heap History (20 events):
Event: 2.920 GC heap before
{Heap before GC invocations=8 (full 0):
 garbage-first heap   total 98304K, used 94871K [0x0000000602800000, 0x0000000800000000)
  region size 4096K, 19 young (77824K), 1 survivors (4096K)
 Metaspace       used 52220K, committed 52864K, reserved 1114112K
  class space    used 6988K, committed 7296K, reserved 1048576K
}
Event: 2.923 GC heap after
{Heap after GC invocations=9 (full 0):
 garbage-first heap   total 106496K, used 25143K [0x0000000602800000, 0x0000000800000000)
  region size 4096K, 2 young (8192K), 2 survivors (8192K)
 Metaspace       used 52220K, committed 52864K, reserved 1114112K
  class space    used 6988K, committed 7296K, reserved 1048576K
}
Event: 3.311 GC heap before
{Heap before GC invocations=9 (full 0):
 garbage-first heap   total 106496K, used 78391K [0x0000000602800000, 0x0000000800000000)
  region size 4096K, 15 young (61440K), 2 survivors (8192K)
 Metaspace       used 58935K, committed 59584K, reserved 1114112K
  class space    used 7946K, committed 8256K, reserved 1048576K
}
Event: 3.314 GC heap after
{Heap after GC invocations=10 (full 0):
 garbage-first heap   total 106496K, used 26902K [0x0000000602800000, 0x0000000800000000)
  region size 4096K, 2 young (8192K), 2 survivors (8192K)
 Metaspace       used 58935K, committed 59584K, reserved 1114112K
  class space    used 7946K, committed 8256K, reserved 1048576K
}
Event: 3.339 GC heap before
{Heap before GC invocations=10 (full 0):
 garbage-first heap   total 106496K, used 30998K [0x0000000602800000, 0x0000000800000000)
  region size 4096K, 4 young (16384K), 2 survivors (8192K)
 Metaspace       used 60190K, committed 60800K, reserved 1114112K
  class space    used 8038K, committed 8320K, reserved 1048576K
}
Event: 3.341 GC heap after
{Heap after GC invocations=11 (full 0):
 garbage-first heap   total 106496K, used 27704K [0x0000000602800000, 0x0000000800000000)
  region size 4096K, 1 young (4096K), 1 survivors (4096K)
 Metaspace       used 60190K, committed 60800K, reserved 1114112K
  class space    used 8038K, committed 8320K, reserved 1048576K
}
Event: 3.661 GC heap before
{Heap before GC invocations=12 (full 0):
 garbage-first heap   total 106496K, used 80952K [0x0000000602800000, 0x0000000800000000)
  region size 4096K, 15 young (61440K), 1 survivors (4096K)
 Metaspace       used 65150K, committed 65728K, reserved 1114112K
  class space    used 8551K, committed 8832K, reserved 1048576K
}
Event: 3.664 GC heap after
{Heap after GC invocations=13 (full 0):
 garbage-first heap   total 106496K, used 30603K [0x0000000602800000, 0x0000000800000000)
  region size 4096K, 2 young (8192K), 2 survivors (8192K)
 Metaspace       used 65150K, committed 65728K, reserved 1114112K
  class space    used 8551K, committed 8832K, reserved 1048576K
}
Event: 5.192 GC heap before
{Heap before GC invocations=13 (full 0):
 garbage-first heap   total 106496K, used 79755K [0x0000000602800000, 0x0000000800000000)
  region size 4096K, 15 young (61440K), 2 survivors (8192K)
 Metaspace       used 72045K, committed 72640K, reserved 1114112K
  class space    used 9444K, committed 9728K, reserved 1048576K
}
Event: 5.195 GC heap after
{Heap after GC invocations=14 (full 0):
 garbage-first heap   total 106496K, used 32319K [0x0000000602800000, 0x0000000800000000)
  region size 4096K, 2 young (8192K), 2 survivors (8192K)
 Metaspace       used 72045K, committed 72640K, reserved 1114112K
  class space    used 9444K, committed 9728K, reserved 1048576K
}
Event: 5.548 GC heap before
{Heap before GC invocations=14 (full 0):
 garbage-first heap   total 106496K, used 85567K [0x0000000602800000, 0x0000000800000000)
  region size 4096K, 15 young (61440K), 2 survivors (8192K)
 Metaspace       used 77482K, committed 78272K, reserved 1179648K
  class space    used 10740K, committed 11072K, reserved 1048576K
}
Event: 5.552 GC heap after
{Heap after GC invocations=15 (full 0):
 garbage-first heap   total 106496K, used 35664K [0x0000000602800000, 0x0000000800000000)
  region size 4096K, 2 young (8192K), 2 survivors (8192K)
 Metaspace       used 77482K, committed 78272K, reserved 1179648K
  class space    used 10740K, committed 11072K, reserved 1048576K
}
Event: 6.089 GC heap before
{Heap before GC invocations=15 (full 0):
 garbage-first heap   total 106496K, used 84816K [0x0000000602800000, 0x0000000800000000)
  region size 4096K, 14 young (57344K), 2 survivors (8192K)
 Metaspace       used 83978K, committed 85184K, reserved 1179648K
  class space    used 12339K, committed 12864K, reserved 1048576K
}
Event: 6.094 GC heap after
{Heap after GC invocations=16 (full 0):
 garbage-first heap   total 106496K, used 39102K [0x0000000602800000, 0x0000000800000000)
  region size 4096K, 2 young (8192K), 2 survivors (8192K)
 Metaspace       used 83978K, committed 85184K, reserved 1179648K
  class space    used 12339K, committed 12864K, reserved 1048576K
}
Event: 11.588 GC heap before
{Heap before GC invocations=16 (full 0):
 garbage-first heap   total 106496K, used 84158K [0x0000000602800000, 0x0000000800000000)
  region size 4096K, 14 young (57344K), 2 survivors (8192K)
 Metaspace       used 87971K, committed 89152K, reserved 1179648K
  class space    used 12797K, committed 13312K, reserved 1048576K
}
Event: 11.592 GC heap after
{Heap after GC invocations=17 (full 0):
 garbage-first heap   total 106496K, used 43665K [0x0000000602800000, 0x0000000800000000)
  region size 4096K, 2 young (8192K), 2 survivors (8192K)
 Metaspace       used 87971K, committed 89152K, reserved 1179648K
  class space    used 12797K, committed 13312K, reserved 1048576K
}
Event: 11.729 GC heap before
{Heap before GC invocations=17 (full 0):
 garbage-first heap   total 106496K, used 88721K [0x0000000602800000, 0x0000000800000000)
  region size 4096K, 13 young (53248K), 2 survivors (8192K)
 Metaspace       used 88907K, committed 90112K, reserved 1179648K
  class space    used 12987K, committed 13504K, reserved 1048576K
}
Event: 11.732 GC heap after
{Heap after GC invocations=18 (full 0):
 garbage-first heap   total 106496K, used 46602K [0x0000000602800000, 0x0000000800000000)
  region size 4096K, 1 young (4096K), 1 survivors (4096K)
 Metaspace       used 88907K, committed 90112K, reserved 1179648K
  class space    used 12987K, committed 13504K, reserved 1048576K
}
Event: 25.851 GC heap before
{Heap before GC invocations=18 (full 0):
 garbage-first heap   total 106496K, used 87562K [0x0000000602800000, 0x0000000800000000)
  region size 4096K, 12 young (49152K), 1 survivors (4096K)
 Metaspace       used 89511K, committed 90688K, reserved 1179648K
  class space    used 13013K, committed 13568K, reserved 1048576K
}
Event: 25.853 GC heap after
{Heap after GC invocations=19 (full 0):
 garbage-first heap   total 106496K, used 49102K [0x0000000602800000, 0x0000000800000000)
  region size 4096K, 2 young (8192K), 2 survivors (8192K)
 Metaspace       used 89511K, committed 90688K, reserved 1179648K
  class space    used 13013K, committed 13568K, reserved 1048576K
}

